<?xml version="1.0" encoding="UTF-8"?>
<!-- Generated by org.testng.reporters.JUnitReportReporter -->
<testsuite hostname="Ishant" failures="0" tests="1" name="ecommerce.testCases.TC15" time="18.784" errors="0" timestamp="2024-07-14T23:24:24 IST" skipped="0">
  <testcase classname="ecommerce.testCases.TC15" name="addToCartWithoutLogin" time="18.784"/>
  <system-out>
    <![CDATA[test case passed]]>
  </system-out>
</testsuite> <!-- ecommerce.testCases.TC15 -->
