<?xml version="1.0" encoding="UTF-8"?>
<!-- Generated by org.testng.reporters.JUnitReportReporter -->
<testsuite hostname="Ishant" failures="0" tests="1" name="ecommerce.testCases.TC12" time="37.351" errors="0" timestamp="2024-07-14T23:01:05 IST" skipped="0">
  <testcase classname="ecommerce.testCases.TC12" name="selectEachPaymentMethod" time="37.351"/>
  <system-out>
    <![CDATA[test case passed]]>
  </system-out>
</testsuite> <!-- ecommerce.testCases.TC12 -->
