<?xml version="1.0" encoding="UTF-8"?>
<!-- Generated by org.testng.reporters.JUnitReportReporter -->
<testsuite hostname="Ishant" failures="0" tests="1" name="ecommerce.testCases.TC07" time="15.144" errors="0" timestamp="2024-07-14T20:02:17 IST" skipped="0">
  <testcase classname="ecommerce.testCases.TC07" name="verifyElements" time="15.144"/>
  <system-out>
    <![CDATA[test case passed]]>
  </system-out>
</testsuite> <!-- ecommerce.testCases.TC07 -->
