<?xml version="1.0" encoding="UTF-8"?>
<!-- Generated by org.testng.reporters.JUnitReportReporter -->
<testsuite hostname="Ishant" failures="0" tests="1" name="ecommerce.demo.TC01" time="4.546" errors="0" timestamp="2024-07-09T18:06:34 IST" skipped="0">
  <testcase classname="ecommerce.demo.TC01" name="amazonRegister" time="4.546">
    <system-out>
      <![CDATA[test case passed]]>
    </system-out>
  </testcase> <!-- amazonRegister -->
  <system-out>
    <![CDATA[test case passed]]>
  </system-out>
</testsuite> <!-- ecommerce.demo.TC01 -->
