<?xml version="1.0" encoding="UTF-8"?>
<!-- Generated by org.testng.reporters.JUnitReportReporter -->
<testsuite hostname="Ishant" failures="0" tests="1" name="ecommerce.demo.TC05" time="14.830" errors="0" timestamp="2024-07-09T19:42:26 IST" skipped="0">
  <testcase classname="ecommerce.demo.TC05" name="searchProduct" time="14.830">
    <system-out>
      <![CDATA[test case passed]]>
    </system-out>
  </testcase> <!-- searchProduct -->
  <system-out>
    <![CDATA[test case passed]]>
  </system-out>
</testsuite> <!-- ecommerce.demo.TC05 -->
