<?xml version="1.0" encoding="UTF-8"?>
<!-- Generated by org.testng.reporters.JUnitReportReporter -->
<testsuite hostname="Ishant" failures="0" tests="1" name="ecommerce.testCases.TC06" time="16.723" errors="0" timestamp="2024-07-15T12:41:57 IST" skipped="0">
  <testcase classname="ecommerce.testCases.TC06" name="filterProductResult" time="16.723"/>
  <system-out>
    <![CDATA[test case passed]]>
  </system-out>
</testsuite> <!-- ecommerce.testCases.TC06 -->
