<?xml version="1.0" encoding="UTF-8"?>
<!-- Generated by org.testng.reporters.JUnitReportReporter -->
<testsuite hostname="Ishant" failures="0" tests="1" name="ecommerce.testCases.TC02" time="22.717" errors="0" timestamp="2024-07-17T21:23:35 IST" skipped="0">
  <testcase classname="ecommerce.testCases.TC02" name="amazonLoginWithValidCredentials" time="22.717"/>
  <system-out>
    <![CDATA[test case passed]]>
  </system-out>
</testsuite> <!-- ecommerce.testCases.TC02 -->
