<?xml version="1.0" encoding="UTF-8"?>
<!-- Generated by org.testng.reporters.JUnitReportReporter -->
<testsuite hostname="Ishant" failures="0" tests="1" name="ecommerce.testCases.TC03" time="9.644" errors="0" timestamp="2024-07-14T18:30:29 IST" skipped="0">
  <testcase classname="ecommerce.testCases.TC03" name="amazonLoginWithInvalidCredentials" time="9.644"/>
  <system-out>
    <![CDATA[test case passed]]>
  </system-out>
</testsuite> <!-- ecommerce.testCases.TC03 -->
