<?xml version="1.0" encoding="UTF-8"?>
<!-- Generated by org.testng.reporters.JUnitReportReporter -->
<testsuite hostname="Ishant" failures="0" tests="1" name="ecommerce.demo.TC02" time="7.514" errors="0" timestamp="2024-07-09T18:49:17 IST" skipped="0">
  <testcase classname="ecommerce.demo.TC02" name="amazonLoginWithValidCredentials" time="7.514">
    <system-out>
      <![CDATA[test case passed]]>
    </system-out>
  </testcase> <!-- amazonLoginWithValidCredentials -->
  <system-out>
    <![CDATA[test case passed]]>
  </system-out>
</testsuite> <!-- ecommerce.demo.TC02 -->
