<?xml version="1.0" encoding="UTF-8"?>
<!-- Generated by org.testng.reporters.JUnitReportReporter -->
<testsuite hostname="Ishant" failures="0" tests="1" name="ecommerce.testCases.TC14" time="16.898" errors="0" timestamp="2024-07-15T12:47:30 IST" skipped="0">
  <testcase classname="ecommerce.testCases.TC14" name="lastOrderedProductRating" time="16.898"/>
  <system-out>
    <![CDATA[test case passed]]>
  </system-out>
</testsuite> <!-- ecommerce.testCases.TC14 -->
