<?xml version="1.0" encoding="UTF-8"?>
<!-- Generated by org.testng.reporters.JUnitReportReporter -->
<testsuite hostname="Ishant" failures="0" tests="1" name="ecommerce.demo.TC06" time="30.400" errors="0" timestamp="2024-07-09T19:56:37 IST" skipped="0">
  <testcase classname="ecommerce.demo.TC06" name="filterProductResult" time="30.400">
    <system-out>
      <![CDATA[test case passed]]>
    </system-out>
  </testcase> <!-- filterProductResult -->
  <system-out>
    <![CDATA[test case passed]]>
  </system-out>
</testsuite> <!-- ecommerce.demo.TC06 -->
