<?xml version="1.0" encoding="UTF-8"?>
<!-- Generated by org.testng.reporters.JUnitReportReporter -->
<testsuite hostname="Ishant" failures="0" tests="1" name="ddt.packages.DDT_File" time="0.785" errors="0" timestamp="2024-07-15T12:20:04 IST" skipped="0">
  <testcase classname="ddt.packages.DDT_File" name="dataFetching" time="0.785"/>
  <system-out/>
</testsuite> <!-- ddt.packages.DDT_File -->
