<?xml version="1.0" encoding="UTF-8"?>
<!-- Generated by org.testng.reporters.JUnitReportReporter -->
<testsuite hostname="Ishant" failures="0" tests="1" name="ecommerce.demo.TC03" time="5.599" errors="0" timestamp="2024-07-09T18:51:19 IST" skipped="0">
  <testcase classname="ecommerce.demo.TC03" name="amazonLoginWithInvalidCredentials" time="5.599">
    <system-out>
      <![CDATA[test case passed]]>
    </system-out>
  </testcase> <!-- amazonLoginWithInvalidCredentials -->
  <system-out>
    <![CDATA[test case passed]]>
  </system-out>
</testsuite> <!-- ecommerce.demo.TC03 -->
