<?xml version="1.0" encoding="UTF-8"?>
<!-- Generated by org.testng.reporters.JUnitReportReporter -->
<testsuite hostname="Ishant" failures="0" tests="1" name="ecommerce.testCases.TC05" time="12.452" errors="0" timestamp="2024-07-14T19:53:11 IST" skipped="0">
  <testcase classname="ecommerce.testCases.TC05" name="searchProduct" time="12.452"/>
  <system-out>
    <![CDATA[test case passed]]>
  </system-out>
</testsuite> <!-- ecommerce.testCases.TC05 -->
