<?xml version="1.0" encoding="UTF-8"?>
<!-- Generated by org.testng.reporters.JUnitReportReporter -->
<testsuite hostname="Ishant" failures="0" tests="1" name="ecommerce.testCases.TC13" time="33.182" errors="0" timestamp="2024-07-14T23:05:30 IST" skipped="0">
  <testcase classname="ecommerce.testCases.TC13" name="applyCouponCode" time="33.182"/>
  <system-out>
    <![CDATA[test case passed]]>
  </system-out>
</testsuite> <!-- ecommerce.testCases.TC13 -->
