<?xml version="1.0" encoding="UTF-8"?>
<!-- Generated by org.testng.reporters.JUnitReportReporter -->
<testsuite hostname="Ishant" failures="0" tests="1" name="ecommerce.testCases.TC02" time="25.905" errors="0" timestamp="2024-07-17T21:31:42 IST" skipped="0">
  <testcase classname="ecommerce.testCases.TC02" name="amazonLoginWithValidCredentials" time="25.905">
    <system-out>
      <![CDATA[test case passed]]>
    </system-out>
  </testcase> <!-- amazonLoginWithValidCredentials -->
  <system-out>
    <![CDATA[test case failed
test case passed]]>
  </system-out>
</testsuite> <!-- ecommerce.testCases.TC02 -->
